<?xml version="1.0" encoding="UTF-8"?>
<testng-results ignored="0" total="1" passed="1" failed="0" skipped="0">
  <reporter-output>
  </reporter-output>
  <suite started-at="2021-06-29T12:34:59Z" name="GoogleAppTestSuite" finished-at="2021-06-29T12:35:11Z" duration-ms="12001">
    <groups>
    </groups>
    <test started-at="2021-06-29T12:34:59Z" name="GoogleTestChrome" finished-at="2021-06-29T12:35:11Z" duration-ms="12001">
      <class name="com.cg.project.testsuits.GoogleSerachTest">
        <test-method is-config="true" signature="setUpTestEnv(java.lang.String)[pri:0, instance:com.cg.project.testsuits.GoogleSerachTest@45312be2]" started-at="2021-06-29T12:34:59Z" name="setUpTestEnv" finished-at="2021-06-29T12:35:02Z" duration-ms="3462" status="PASS">
          <params>
            <param index="0">
              <value>
                <![CDATA[Chrome]]>
              </value>
            </param>
          </params>
          <reporter-output>
          </reporter-output>
        </test-method> <!-- setUpTestEnv -->
        <test-method signature="testGoogleSerachForInformation()[pri:0, instance:com.cg.project.testsuits.GoogleSerachTest@45312be2]" started-at="2021-06-29T12:35:02Z" name="testGoogleSerachForInformation" finished-at="2021-06-29T12:35:11Z" duration-ms="8514" status="PASS">
          <reporter-output>
          </reporter-output>
        </test-method> <!-- testGoogleSerachForInformation -->
        <test-method is-config="true" signature="tearDownTestEnv()[pri:0, instance:com.cg.project.testsuits.GoogleSerachTest@45312be2]" started-at="2021-06-29T12:35:11Z" name="tearDownTestEnv" finished-at="2021-06-29T12:35:11Z" duration-ms="1" status="PASS">
          <reporter-output>
          </reporter-output>
        </test-method> <!-- tearDownTestEnv -->
      </class> <!-- com.cg.project.testsuits.GoogleSerachTest -->
    </test> <!-- GoogleTestChrome -->
  </suite> <!-- GoogleAppTestSuite -->
</testng-results>
