<?xml version="1.0" encoding="UTF-8"?>
<!-- Generated by org.testng.reporters.JUnitXMLReporter -->
<testsuite ignored="0" hostname="DESKTOP-CDTDSNS" failures="1" tests="2" name="GoogleTestFireFox" time="64.12" errors="0" timestamp="29 Jun 2021 12:23:17 GMT">
  <testcase classname="com.cg.project.testsuits.GoogleSerachTest" name="testGoogleSerachForInformation" time="8.067">
    <failure type="org.junit.ComparisonFailure" message="expected:&amp;lt;[Agile Methodolgy Google Search]&amp;gt; but was:&amp;lt;[Google]&amp;gt;">
      <![CDATA[org.junit.ComparisonFailure: expected:<[Agile Methodolgy Google Search]> but was:<[Google]>
at org.junit.Assert.assertEquals(Assert.java:115)
at org.junit.Assert.assertEquals(Assert.java:144)
at com.cg.project.testsuits.GoogleSerachTest.testGoogleSerachForInformation(GoogleSerachTest.java:33)
... Removed 25 stack frames]]>
    </failure>
  </testcase> <!-- testGoogleSerachForInformation -->
  <testcase classname="com.cg.project.testsuits.GoogleCurrencyConverterTest" name="testGoogleCurrencyConverter" time="0.004"/>
</testsuite> <!-- GoogleTestFireFox -->
