<?xml version="1.0" encoding="UTF-8"?>
<!-- Generated by org.testng.reporters.JUnitXMLReporter -->
<testsuite ignored="0" hostname="LIN51005209" failures="0" tests="2" name="GoogleSearchTest" time="0.08" errors="0" timestamp="14 May 2021 14:57:06 GMT">
  <testcase classname="com.cg.project.testsuits.GoogleSerachTest" name="testGoogleSerachForDistanceBewteenCities" time="0.009"/>
  <testcase classname="com.cg.project.testsuits.GoogleSerachTest" name="testGoogleSerachForInformation" time="0.005"/>
</testsuite> <!-- GoogleSearchTest -->
